{"/home/vectormike/Desktop/code/uyomarket/src/api/index.ts": {"path":"/home/vectormike/Desktop/code/uyomarket/src/api/index.ts","statementMap":{"0":{"start":{"line":1,"column":0},"end":{"line":1,"column":33}},"1":{"start":{"line":2,"column":0},"end":{"line":2,"column":33}},"2":{"start":{"line":3,"column":0},"end":{"line":3,"column":33}},"3":{"start":{"line":4,"column":0},"end":{"line":4,"column":41}},"4":{"start":{"line":7,"column":0},"end":{"line":14,"column":2}},"5":{"start":{"line":8,"column":14},"end":{"line":8,"column":22}},"6":{"start":{"line":9,"column":2},"end":{"line":9,"column":12}},"7":{"start":{"line":10,"column":2},"end":{"line":10,"column":12}},"8":{"start":{"line":11,"column":2},"end":{"line":11,"column":16}},"9":{"start":{"line":13,"column":2},"end":{"line":13,"column":13}}},"fnMap":{"0":{"name":"(anonymous_1)","decl":{"start":{"line":7,"column":15},"end":{"line":7,"column":18}},"loc":{"start":{"line":7,"column":20},"end":{"line":14,"column":1}}}},"branchMap":{},"s":{"0":1,"1":1,"2":1,"3":1,"4":1,"5":0,"6":0,"7":0,"8":0,"9":0},"f":{"0":0},"b":{}}
,"/home/vectormike/Desktop/code/uyomarket/src/api/controllers/auth.ts": {"path":"/home/vectormike/Desktop/code/uyomarket/src/api/controllers/auth.ts","statementMap":{"0":{"start":{"line":2,"column":0},"end":{"line":2,"column":35}},"1":{"start":{"line":3,"column":0},"end":{"line":3,"column":46}},"2":{"start":{"line":6,"column":23},"end":{"line":33,"column":2}},"3":{"start":{"line":8,"column":19},"end":{"line":8,"column":42}},"4":{"start":{"line":9,"column":4},"end":{"line":9,"column":55}},"5":{"start":{"line":10,"column":4},"end":{"line":17,"column":null}},"6":{"start":{"line":11,"column":34},"end":{"line":11,"column":60}},"7":{"start":{"line":12,"column":30},"end":{"line":12,"column":86}},"8":{"start":{"line":13,"column":6},"end":{"line":13,"column":51}},"9":{"start":{"line":15,"column":6},"end":{"line":15,"column":41}},"10":{"start":{"line":16,"column":6},"end":{"line":16,"column":25}},"11":{"start":{"line":21,"column":19},"end":{"line":21,"column":42}},"12":{"start":{"line":22,"column":4},"end":{"line":22,"column":55}},"13":{"start":{"line":23,"column":4},"end":{"line":31,"column":null}},"14":{"start":{"line":24,"column":34},"end":{"line":24,"column":42}},"15":{"start":{"line":25,"column":34},"end":{"line":25,"column":60}},"16":{"start":{"line":26,"column":30},"end":{"line":26,"column":79}},"17":{"start":{"line":27,"column":6},"end":{"line":27,"column":51}},"18":{"start":{"line":29,"column":6},"end":{"line":29,"column":41}},"19":{"start":{"line":30,"column":6},"end":{"line":30,"column":25}},"20":{"start":{"line":35,"column":0},"end":{"line":35,"column":30}}},"fnMap":{"0":{"name":"(anonymous_1)","decl":{"start":{"line":7,"column":2},"end":{"line":7,"column":7}},"loc":{"start":{"line":7,"column":68},"end":{"line":18,"column":3}}},"1":{"name":"(anonymous_2)","decl":{"start":{"line":20,"column":2},"end":{"line":20,"column":7}},"loc":{"start":{"line":20,"column":65},"end":{"line":32,"column":3}}}},"branchMap":{},"s":{"0":1,"1":1,"2":1,"3":0,"4":0,"5":0,"6":0,"7":0,"8":0,"9":0,"10":0,"11":0,"12":0,"13":0,"14":0,"15":0,"16":0,"17":0,"18":0,"19":0,"20":1},"f":{"0":0,"1":0},"b":{}}
,"/home/vectormike/Desktop/code/uyomarket/src/api/middlewares/attachCurrentUser.ts": {"path":"/home/vectormike/Desktop/code/uyomarket/src/api/middlewares/attachCurrentUser.ts","statementMap":{"0":{"start":{"line":1,"column":0},"end":{"line":1,"column":35}},"1":{"start":{"line":11,"column":26},"end":{"line":28,"column":1}},"2":{"start":{"line":12,"column":17},"end":{"line":12,"column":40}},"3":{"start":{"line":13,"column":2},"end":{"line":27,"column":null}},"4":{"start":{"line":14,"column":22},"end":{"line":14,"column":93}},"5":{"start":{"line":15,"column":23},"end":{"line":15,"column":62}},"6":{"start":{"line":16,"column":4},"end":{"line":18,"column":null}},"7":{"start":{"line":17,"column":6},"end":{"line":17,"column":33}},"8":{"start":{"line":19,"column":24},"end":{"line":19,"column":45}},"9":{"start":{"line":20,"column":4},"end":{"line":20,"column":52}},"10":{"start":{"line":21,"column":4},"end":{"line":21,"column":48}},"11":{"start":{"line":22,"column":4},"end":{"line":22,"column":34}},"12":{"start":{"line":23,"column":4},"end":{"line":23,"column":18}},"13":{"start":{"line":25,"column":4},"end":{"line":25,"column":58}},"14":{"start":{"line":26,"column":4},"end":{"line":26,"column":19}},"15":{"start":{"line":30,"column":0},"end":{"line":30,"column":33}}},"fnMap":{"0":{"name":"(anonymous_0)","decl":{"start":{"line":11,"column":26},"end":{"line":11,"column":31}},"loc":{"start":{"line":11,"column":51},"end":{"line":28,"column":1}}}},"branchMap":{"0":{"loc":{"start":{"line":16,"column":4},"end":{"line":18,"column":null}},"type":"if","locations":[{"start":{"line":16,"column":4},"end":{"line":18,"column":null}},{"start":{"line":16,"column":4},"end":{"line":18,"column":null}}]}},"s":{"0":1,"1":1,"2":0,"3":0,"4":0,"5":0,"6":0,"7":0,"8":0,"9":0,"10":0,"11":0,"12":0,"13":0,"14":0,"15":1},"f":{"0":0},"b":{"0":[0,0]}}
,"/home/vectormike/Desktop/code/uyomarket/src/api/middlewares/index.ts": {"path":"/home/vectormike/Desktop/code/uyomarket/src/api/middlewares/index.ts","statementMap":{"0":{"start":{"line":1,"column":0},"end":{"line":1,"column":52}},"1":{"start":{"line":2,"column":0},"end":{"line":2,"column":30}},"2":{"start":{"line":4,"column":0},"end":{"line":7,"column":2}}},"fnMap":{},"branchMap":{},"s":{"0":1,"1":1,"2":1},"f":{},"b":{}}
,"/home/vectormike/Desktop/code/uyomarket/src/api/middlewares/isAuth.ts": {"path":"/home/vectormike/Desktop/code/uyomarket/src/api/middlewares/isAuth.ts","statementMap":{"0":{"start":{"line":1,"column":0},"end":{"line":1,"column":30}},"1":{"start":{"line":2,"column":0},"end":{"line":2,"column":34}},"2":{"start":{"line":13,"column":27},"end":{"line":25,"column":1}},"3":{"start":{"line":18,"column":2},"end":{"line":23,"column":null}},"4":{"start":{"line":22,"column":4},"end":{"line":22,"column":51}},"5":{"start":{"line":24,"column":2},"end":{"line":24,"column":14}},"6":{"start":{"line":27,"column":15},"end":{"line":31,"column":2}},"7":{"start":{"line":33,"column":0},"end":{"line":33,"column":22}}},"fnMap":{"0":{"name":"(anonymous_1)","decl":{"start":{"line":13,"column":27},"end":{"line":13,"column":30}},"loc":{"start":{"line":13,"column":33},"end":{"line":25,"column":1}}}},"branchMap":{"0":{"loc":{"start":{"line":18,"column":2},"end":{"line":23,"column":null}},"type":"if","locations":[{"start":{"line":18,"column":2},"end":{"line":23,"column":null}},{"start":{"line":18,"column":2},"end":{"line":23,"column":null}}]},"1":{"loc":{"start":{"line":19,"column":5},"end":{"line":19,"column":30}},"type":"binary-expr","locations":[{"start":{"line":19,"column":5},"end":{"line":19,"column":30}},{"start":{"line":19,"column":34},"end":{"line":19,"column":85}},{"start":{"line":20,"column":5},"end":{"line":20,"column":30}},{"start":{"line":20,"column":34},"end":{"line":20,"column":86}}]}},"s":{"0":1,"1":1,"2":1,"3":0,"4":0,"5":0,"6":1,"7":1},"f":{"0":0},"b":{"0":[0,0],"1":[0,0,0,0]}}
,"/home/vectormike/Desktop/code/uyomarket/src/api/routes/agendash.ts": {"path":"/home/vectormike/Desktop/code/uyomarket/src/api/routes/agendash.ts","statementMap":{"0":{"start":{"line":3,"column":0},"end":{"line":3,"column":43}},"1":{"start":{"line":4,"column":0},"end":{"line":4,"column":31}},"2":{"start":{"line":5,"column":0},"end":{"line":5,"column":34}},"3":{"start":{"line":6,"column":0},"end":{"line":6,"column":33}},"4":{"start":{"line":8,"column":0},"end":{"line":21,"column":null}},"5":{"start":{"line":10,"column":25},"end":{"line":10,"column":56}},"6":{"start":{"line":12,"column":2},"end":{"line":20,"column":null}}},"fnMap":{"0":{"name":"(anonymous_1)","decl":{"start":{"line":8,"column":15},"end":{"line":8,"column":16}},"loc":{"start":{"line":8,"column":31},"end":{"line":21,"column":1}}}},"branchMap":{},"s":{"0":1,"1":1,"2":1,"3":1,"4":1,"5":0,"6":0},"f":{"0":0},"b":{}}
,"/home/vectormike/Desktop/code/uyomarket/src/api/routes/auth.ts": {"path":"/home/vectormike/Desktop/code/uyomarket/src/api/routes/auth.ts","statementMap":{"0":{"start":{"line":1,"column":0},"end":{"line":1,"column":33}},"1":{"start":{"line":2,"column":0},"end":{"line":2,"column":49}},"2":{"start":{"line":4,"column":0},"end":{"line":4,"column":43}},"3":{"start":{"line":6,"column":14},"end":{"line":6,"column":22}},"4":{"start":{"line":8,"column":0},"end":{"line":54,"column":2}},"5":{"start":{"line":9,"column":2},"end":{"line":9,"column":26}},"6":{"start":{"line":10,"column":2},"end":{"line":21,"column":4}},"7":{"start":{"line":23,"column":2},"end":{"line":32,"column":4}}},"fnMap":{"0":{"name":"(anonymous_1)","decl":{"start":{"line":8,"column":15},"end":{"line":8,"column":16}},"loc":{"start":{"line":8,"column":31},"end":{"line":54,"column":1}}}},"branchMap":{},"s":{"0":1,"1":1,"2":1,"3":1,"4":1,"5":0,"6":0,"7":0},"f":{"0":0},"b":{}}
,"/home/vectormike/Desktop/code/uyomarket/src/api/routes/user.ts": {"path":"/home/vectormike/Desktop/code/uyomarket/src/api/routes/user.ts","statementMap":{"0":{"start":{"line":1,"column":0},"end":{"line":1,"column":52}},"1":{"start":{"line":2,"column":0},"end":{"line":2,"column":41}},"2":{"start":{"line":3,"column":14},"end":{"line":3,"column":22}},"3":{"start":{"line":5,"column":0},"end":{"line":11,"column":2}},"4":{"start":{"line":6,"column":2},"end":{"line":6,"column":27}},"5":{"start":{"line":8,"column":2},"end":{"line":10,"column":5}},"6":{"start":{"line":9,"column":4},"end":{"line":9,"column":59}}},"fnMap":{"0":{"name":"(anonymous_1)","decl":{"start":{"line":5,"column":15},"end":{"line":5,"column":16}},"loc":{"start":{"line":5,"column":31},"end":{"line":11,"column":1}}},"1":{"name":"(anonymous_2)","decl":{"start":{"line":8,"column":70},"end":{"line":8,"column":71}},"loc":{"start":{"line":8,"column":102},"end":{"line":10,"column":3}}}},"branchMap":{},"s":{"0":1,"1":1,"2":1,"3":1,"4":0,"5":0,"6":0},"f":{"0":0,"1":0},"b":{}}
,"/home/vectormike/Desktop/code/uyomarket/src/config/index.ts": {"path":"/home/vectormike/Desktop/code/uyomarket/src/config/index.ts","statementMap":{"0":{"start":{"line":1,"column":0},"end":{"line":1,"column":28}},"1":{"start":{"line":4,"column":0},"end":{"line":4,"column":61}},"2":{"start":{"line":6,"column":17},"end":{"line":6,"column":32}},"3":{"start":{"line":7,"column":0},"end":{"line":11,"column":null}},"4":{"start":{"line":10,"column":2},"end":{"line":10,"column":53}},"5":{"start":{"line":13,"column":0},"end":{"line":69,"column":2}}},"fnMap":{},"branchMap":{"0":{"loc":{"start":{"line":4,"column":23},"end":{"line":4,"column":43}},"type":"binary-expr","locations":[{"start":{"line":4,"column":23},"end":{"line":4,"column":43}},{"start":{"line":4,"column":47},"end":{"line":4,"column":60}}]},"1":{"loc":{"start":{"line":7,"column":0},"end":{"line":11,"column":null}},"type":"if","locations":[{"start":{"line":7,"column":0},"end":{"line":11,"column":null}},{"start":{"line":7,"column":0},"end":{"line":11,"column":null}}]},"2":{"loc":{"start":{"line":33,"column":11},"end":{"line":33,"column":32}},"type":"binary-expr","locations":[{"start":{"line":33,"column":11},"end":{"line":33,"column":32}},{"start":{"line":33,"column":36},"end":{"line":33,"column":43}}]}},"s":{"0":1,"1":1,"2":1,"3":1,"4":0,"5":1},"f":{},"b":{"0":[1,0],"1":[0,1],"2":[1,0]}}
,"/home/vectormike/Desktop/code/uyomarket/src/decorators/eventDispatcher.ts": {"path":"/home/vectormike/Desktop/code/uyomarket/src/decorators/eventDispatcher.ts","statementMap":{"0":{"start":{"line":6,"column":0},"end":{"line":6,"column":73}},"1":{"start":{"line":7,"column":0},"end":{"line":7,"column":35}},"2":{"start":{"line":10,"column":2},"end":{"line":13,"column":4}},"3":{"start":{"line":11,"column":28},"end":{"line":11,"column":54}},"4":{"start":{"line":12,"column":4},"end":{"line":12,"column":93}},"5":{"start":{"line":12,"column":74},"end":{"line":12,"column":89}},"6":{"start":{"line":9,"column":0},"end":{"line":9,"column":16}},"7":{"start":{"line":16,"column":0},"end":{"line":16,"column":9}},"8":{"start":{"line":16,"column":9},"end":{"line":16,"column":52}}},"fnMap":{"0":{"name":"EventDispatcher","decl":{"start":{"line":9,"column":16},"end":{"line":9,"column":31}},"loc":{"start":{"line":9,"column":31},"end":{"line":14,"column":1}}},"1":{"name":"(anonymous_1)","decl":{"start":{"line":10,"column":9},"end":{"line":10,"column":10}},"loc":{"start":{"line":10,"column":69},"end":{"line":13,"column":3}}},"2":{"name":"(anonymous_2)","decl":{"start":{"line":12,"column":68},"end":{"line":12,"column":71}},"loc":{"start":{"line":12,"column":74},"end":{"line":12,"column":89}}}},"branchMap":{},"s":{"0":1,"1":1,"2":1,"3":1,"4":1,"5":0,"6":1,"7":1,"8":1},"f":{"0":1,"1":1,"2":0},"b":{}}
,"/home/vectormike/Desktop/code/uyomarket/src/jobs/emailSequence.ts": {"path":"/home/vectormike/Desktop/code/uyomarket/src/jobs/emailSequence.ts","statementMap":{"0":{"start":{"line":1,"column":0},"end":{"line":1,"column":35}},"1":{"start":{"line":2,"column":0},"end":{"line":2,"column":54}},"2":{"start":{"line":6,"column":19},"end":{"line":6,"column":42}},"3":{"start":{"line":7,"column":4},"end":{"line":16,"column":null}},"4":{"start":{"line":8,"column":6},"end":{"line":8,"column":55}},"5":{"start":{"line":9,"column":57},"end":{"line":9,"column":71}},"6":{"start":{"line":10,"column":36},"end":{"line":10,"column":64}},"7":{"start":{"line":11,"column":6},"end":{"line":11,"column":58}},"8":{"start":{"line":12,"column":6},"end":{"line":12,"column":13}},"9":{"start":{"line":14,"column":6},"end":{"line":14,"column":62}},"10":{"start":{"line":15,"column":6},"end":{"line":15,"column":14}},"11":{"start":{"line":4,"column":0},"end":{"line":4,"column":21}}},"fnMap":{"0":{"name":"(anonymous_1)","decl":{"start":{"line":5,"column":9},"end":{"line":5,"column":14}},"loc":{"start":{"line":5,"column":32},"end":{"line":17,"column":3}}}},"branchMap":{},"s":{"0":1,"1":1,"2":0,"3":0,"4":0,"5":0,"6":0,"7":0,"8":0,"9":0,"10":0,"11":1},"f":{"0":0},"b":{}}
,"/home/vectormike/Desktop/code/uyomarket/src/loaders/agenda.ts": {"path":"/home/vectormike/Desktop/code/uyomarket/src/loaders/agenda.ts","statementMap":{"0":{"start":{"line":1,"column":0},"end":{"line":1,"column":28}},"1":{"start":{"line":2,"column":0},"end":{"line":2,"column":31}},"2":{"start":{"line":4,"column":0},"end":{"line":15,"column":2}},"3":{"start":{"line":5,"column":2},"end":{"line":10,"column":5}}},"fnMap":{"0":{"name":"(anonymous_1)","decl":{"start":{"line":4,"column":15},"end":{"line":4,"column":16}},"loc":{"start":{"line":4,"column":39},"end":{"line":15,"column":1}}}},"branchMap":{},"s":{"0":1,"1":1,"2":1,"3":1},"f":{"0":1},"b":{}}
,"/home/vectormike/Desktop/code/uyomarket/src/loaders/dependencyInjector.ts": {"path":"/home/vectormike/Desktop/code/uyomarket/src/loaders/dependencyInjector.ts","statementMap":{"0":{"start":{"line":1,"column":0},"end":{"line":1,"column":35}},"1":{"start":{"line":2,"column":0},"end":{"line":2,"column":38}},"2":{"start":{"line":3,"column":0},"end":{"line":3,"column":37}},"3":{"start":{"line":4,"column":0},"end":{"line":4,"column":31}},"4":{"start":{"line":6,"column":0},"end":{"line":6,"column":36}},"5":{"start":{"line":8,"column":0},"end":{"line":38,"column":2}},"6":{"start":{"line":9,"column":2},"end":{"line":37,"column":null}},"7":{"start":{"line":10,"column":4},"end":{"line":12,"column":7}},"8":{"start":{"line":11,"column":6},"end":{"line":11,"column":37}},"9":{"start":{"line":14,"column":27},"end":{"line":14,"column":61}},"10":{"start":{"line":16,"column":4},"end":{"line":16,"column":52}},"11":{"start":{"line":17,"column":4},"end":{"line":17,"column":44}},"12":{"start":{"line":18,"column":4},"end":{"line":29,"column":6}},"13":{"start":{"line":31,"column":4},"end":{"line":31,"column":61}},"14":{"start":{"line":33,"column":4},"end":{"line":33,"column":38}},"15":{"start":{"line":35,"column":4},"end":{"line":35,"column":74}},"16":{"start":{"line":36,"column":4},"end":{"line":36,"column":12}}},"fnMap":{"0":{"name":"(anonymous_1)","decl":{"start":{"line":8,"column":15},"end":{"line":8,"column":16}},"loc":{"start":{"line":8,"column":108},"end":{"line":38,"column":1}}},"1":{"name":"(anonymous_2)","decl":{"start":{"line":10,"column":19},"end":{"line":10,"column":20}},"loc":{"start":{"line":10,"column":23},"end":{"line":12,"column":5}}}},"branchMap":{},"s":{"0":1,"1":1,"2":1,"3":1,"4":1,"5":1,"6":1,"7":1,"8":1,"9":1,"10":1,"11":1,"12":1,"13":1,"14":1,"15":0,"16":0},"f":{"0":1,"1":1},"b":{}}
,"/home/vectormike/Desktop/code/uyomarket/src/loaders/events.ts": {"path":"/home/vectormike/Desktop/code/uyomarket/src/loaders/events.ts","statementMap":{"0":{"start":{"line":2,"column":0},"end":{"line":2,"column":29}}},"fnMap":{},"branchMap":{},"s":{"0":1},"f":{},"b":{}}
,"/home/vectormike/Desktop/code/uyomarket/src/loaders/express.ts": {"path":"/home/vectormike/Desktop/code/uyomarket/src/loaders/express.ts","statementMap":{"0":{"start":{"line":2,"column":0},"end":{"line":2,"column":37}},"1":{"start":{"line":3,"column":0},"end":{"line":3,"column":24}},"2":{"start":{"line":4,"column":0},"end":{"line":4,"column":28}},"3":{"start":{"line":5,"column":0},"end":{"line":5,"column":31}},"4":{"start":{"line":7,"column":0},"end":{"line":68,"column":2}},"5":{"start":{"line":12,"column":2},"end":{"line":16,"column":5}},"6":{"start":{"line":13,"column":4},"end":{"line":15,"column":7}},"7":{"start":{"line":17,"column":2},"end":{"line":19,"column":5}},"8":{"start":{"line":18,"column":4},"end":{"line":18,"column":26}},"9":{"start":{"line":23,"column":2},"end":{"line":23,"column":28}},"10":{"start":{"line":28,"column":2},"end":{"line":28,"column":18}},"11":{"start":{"line":33,"column":2},"end":{"line":33,"column":40}},"12":{"start":{"line":36,"column":2},"end":{"line":36,"column":29}},"13":{"start":{"line":38,"column":2},"end":{"line":38,"column":39}},"14":{"start":{"line":41,"column":2},"end":{"line":45,"column":5}},"15":{"start":{"line":42,"column":16},"end":{"line":42,"column":38}},"16":{"start":{"line":43,"column":4},"end":{"line":43,"column":24}},"17":{"start":{"line":44,"column":4},"end":{"line":44,"column":14}},"18":{"start":{"line":48,"column":2},"end":{"line":59,"column":5}},"19":{"start":{"line":52,"column":4},"end":{"line":57,"column":null}},"20":{"start":{"line":53,"column":6},"end":{"line":56,"column":15}},"21":{"start":{"line":58,"column":4},"end":{"line":58,"column":21}},"22":{"start":{"line":60,"column":2},"end":{"line":67,"column":5}},"23":{"start":{"line":61,"column":4},"end":{"line":61,"column":34}},"24":{"start":{"line":62,"column":4},"end":{"line":66,"column":7}}},"fnMap":{"0":{"name":"(anonymous_1)","decl":{"start":{"line":7,"column":15},"end":{"line":7,"column":16}},"loc":{"start":{"line":7,"column":57},"end":{"line":68,"column":1}}},"1":{"name":"(anonymous_2)","decl":{"start":{"line":12,"column":21},"end":{"line":12,"column":22}},"loc":{"start":{"line":12,"column":34},"end":{"line":16,"column":3}}},"2":{"name":"(anonymous_3)","decl":{"start":{"line":17,"column":22},"end":{"line":17,"column":23}},"loc":{"start":{"line":17,"column":35},"end":{"line":19,"column":3}}},"3":{"name":"(anonymous_4)","decl":{"start":{"line":41,"column":10},"end":{"line":41,"column":11}},"loc":{"start":{"line":41,"column":29},"end":{"line":45,"column":3}}},"4":{"name":"(anonymous_5)","decl":{"start":{"line":48,"column":10},"end":{"line":48,"column":11}},"loc":{"start":{"line":48,"column":34},"end":{"line":59,"column":3}}},"5":{"name":"(anonymous_6)","decl":{"start":{"line":60,"column":10},"end":{"line":60,"column":11}},"loc":{"start":{"line":60,"column":34},"end":{"line":67,"column":3}}}},"branchMap":{"0":{"loc":{"start":{"line":52,"column":4},"end":{"line":57,"column":null}},"type":"if","locations":[{"start":{"line":52,"column":4},"end":{"line":57,"column":null}},{"start":{"line":52,"column":4},"end":{"line":57,"column":null}}]},"1":{"loc":{"start":{"line":61,"column":15},"end":{"line":61,"column":25}},"type":"binary-expr","locations":[{"start":{"line":61,"column":15},"end":{"line":61,"column":25}},{"start":{"line":61,"column":29},"end":{"line":61,"column":32}}]}},"s":{"0":1,"1":1,"2":1,"3":1,"4":1,"5":1,"6":0,"7":0,"8":0,"9":0,"10":0,"11":0,"12":0,"13":0,"14":0,"15":0,"16":0,"17":0,"18":0,"19":0,"20":0,"21":0,"22":0,"23":0,"24":0},"f":{"0":1,"1":0,"2":0,"3":0,"4":0,"5":0},"b":{"0":[0,0],"1":[0,0]}}
,"/home/vectormike/Desktop/code/uyomarket/src/loaders/index.ts": {"path":"/home/vectormike/Desktop/code/uyomarket/src/loaders/index.ts","statementMap":{"0":{"start":{"line":1,"column":0},"end":{"line":1,"column":38}},"1":{"start":{"line":2,"column":0},"end":{"line":2,"column":60}},"2":{"start":{"line":3,"column":0},"end":{"line":3,"column":40}},"3":{"start":{"line":4,"column":0},"end":{"line":4,"column":32}},"4":{"start":{"line":5,"column":0},"end":{"line":5,"column":30}},"5":{"start":{"line":7,"column":0},"end":{"line":7,"column":18}},"6":{"start":{"line":9,"column":0},"end":{"line":43,"column":2}},"7":{"start":{"line":10,"column":26},"end":{"line":10,"column":48}},"8":{"start":{"line":11,"column":2},"end":{"line":11,"column":45}},"9":{"start":{"line":21,"column":20},"end":{"line":25,"column":4}},"10":{"start":{"line":28,"column":21},"end":{"line":35,"column":4}},"11":{"start":{"line":36,"column":2},"end":{"line":36,"column":47}},"12":{"start":{"line":38,"column":2},"end":{"line":38,"column":31}},"13":{"start":{"line":39,"column":2},"end":{"line":39,"column":32}},"14":{"start":{"line":41,"column":2},"end":{"line":41,"column":43}},"15":{"start":{"line":42,"column":2},"end":{"line":42,"column":35}}},"fnMap":{"0":{"name":"(anonymous_1)","decl":{"start":{"line":9,"column":15},"end":{"line":9,"column":20}},"loc":{"start":{"line":9,"column":40},"end":{"line":43,"column":1}}}},"branchMap":{},"s":{"0":1,"1":1,"2":1,"3":1,"4":1,"5":1,"6":1,"7":1,"8":1,"9":1,"10":1,"11":1,"12":1,"13":1,"14":1,"15":0},"f":{"0":1},"b":{}}
,"/home/vectormike/Desktop/code/uyomarket/src/loaders/jobs.ts": {"path":"/home/vectormike/Desktop/code/uyomarket/src/loaders/jobs.ts","statementMap":{"0":{"start":{"line":1,"column":0},"end":{"line":1,"column":31}},"1":{"start":{"line":2,"column":0},"end":{"line":2,"column":53}},"2":{"start":{"line":5,"column":0},"end":{"line":14,"column":2}},"3":{"start":{"line":6,"column":2},"end":{"line":11,"column":4}},"4":{"start":{"line":13,"column":2},"end":{"line":13,"column":17}}},"fnMap":{"0":{"name":"(anonymous_1)","decl":{"start":{"line":5,"column":15},"end":{"line":5,"column":16}},"loc":{"start":{"line":5,"column":50},"end":{"line":14,"column":1}}}},"branchMap":{},"s":{"0":1,"1":1,"2":1,"3":1,"4":1},"f":{"0":1},"b":{}}
,"/home/vectormike/Desktop/code/uyomarket/src/loaders/logger.ts": {"path":"/home/vectormike/Desktop/code/uyomarket/src/loaders/logger.ts","statementMap":{"0":{"start":{"line":1,"column":0},"end":{"line":1,"column":30}},"1":{"start":{"line":2,"column":0},"end":{"line":2,"column":31}},"2":{"start":{"line":4,"column":19},"end":{"line":4,"column":21}},"3":{"start":{"line":5,"column":0},"end":{"line":18,"column":null}},"4":{"start":{"line":6,"column":2},"end":{"line":8,"column":null}},"5":{"start":{"line":10,"column":2},"end":{"line":17,"column":null}},"6":{"start":{"line":20,"column":23},"end":{"line":32,"column":2}},"7":{"start":{"line":34,"column":0},"end":{"line":34,"column":30}}},"fnMap":{},"branchMap":{"0":{"loc":{"start":{"line":5,"column":0},"end":{"line":18,"column":null}},"type":"if","locations":[{"start":{"line":5,"column":0},"end":{"line":18,"column":null}},{"start":{"line":5,"column":0},"end":{"line":18,"column":null}}]}},"s":{"0":1,"1":1,"2":1,"3":1,"4":1,"5":0,"6":1,"7":1},"f":{},"b":{"0":[1,0]}}
,"/home/vectormike/Desktop/code/uyomarket/src/loaders/mongoose.ts": {"path":"/home/vectormike/Desktop/code/uyomarket/src/loaders/mongoose.ts","statementMap":{"0":{"start":{"line":1,"column":0},"end":{"line":1,"column":32}},"1":{"start":{"line":3,"column":0},"end":{"line":3,"column":31}},"2":{"start":{"line":5,"column":0},"end":{"line":13,"column":2}},"3":{"start":{"line":6,"column":21},"end":{"line":11,"column":4}},"4":{"start":{"line":12,"column":2},"end":{"line":12,"column":34}}},"fnMap":{"0":{"name":"(anonymous_1)","decl":{"start":{"line":5,"column":15},"end":{"line":5,"column":20}},"loc":{"start":{"line":5,"column":39},"end":{"line":13,"column":1}}}},"branchMap":{},"s":{"0":1,"1":1,"2":1,"3":1,"4":1},"f":{"0":1},"b":{}}
,"/home/vectormike/Desktop/code/uyomarket/src/models/user.ts": {"path":"/home/vectormike/Desktop/code/uyomarket/src/models/user.ts","statementMap":{"0":{"start":{"line":2,"column":0},"end":{"line":2,"column":32}},"1":{"start":{"line":4,"column":13},"end":{"line":35,"column":null}},"2":{"start":{"line":38,"column":0},"end":{"line":38,"column":71}}},"fnMap":{},"branchMap":{},"s":{"0":1,"1":1,"2":1},"f":{},"b":{}}
,"/home/vectormike/Desktop/code/uyomarket/src/services/auth.ts": {"path":"/home/vectormike/Desktop/code/uyomarket/src/services/auth.ts","statementMap":{"0":{"start":{"line":1,"column":0},"end":{"line":1,"column":41}},"1":{"start":{"line":2,"column":0},"end":{"line":2,"column":31}},"2":{"start":{"line":3,"column":0},"end":{"line":3,"column":44}},"3":{"start":{"line":4,"column":0},"end":{"line":4,"column":31}},"4":{"start":{"line":5,"column":0},"end":{"line":5,"column":28}},"5":{"start":{"line":6,"column":0},"end":{"line":6,"column":37}},"6":{"start":{"line":8,"column":0},"end":{"line":8,"column":90}},"7":{"start":{"line":9,"column":0},"end":{"line":9,"column":43}},"8":{"start":{"line":12,"column":0},"end":{"line":102,"column":null}},"9":{"start":{"line":14,"column":33},"end":{"line":14,"column":60}},"10":{"start":{"line":15,"column":12},"end":{"line":15,"column":20}},"11":{"start":{"line":16,"column":30},"end":{"line":16,"column":null}},"12":{"start":{"line":17,"column":31},"end":{"line":17,"column":48}},"13":{"start":{"line":25,"column":4},"end":{"line":49,"column":null}},"14":{"start":{"line":26,"column":19},"end":{"line":26,"column":34}},"15":{"start":{"line":27,"column":6},"end":{"line":27,"column":44}},"16":{"start":{"line":28,"column":29},"end":{"line":28,"column":76}},"17":{"start":{"line":29,"column":6},"end":{"line":29,"column":51}},"18":{"start":{"line":30,"column":25},"end":{"line":33,"column":null}},"19":{"start":{"line":35,"column":6},"end":{"line":35,"column":42}},"20":{"start":{"line":36,"column":20},"end":{"line":36,"column":50}},"21":{"start":{"line":38,"column":6},"end":{"line":40,"column":null}},"22":{"start":{"line":39,"column":8},"end":{"line":39,"column":50}},"23":{"start":{"line":41,"column":6},"end":{"line":41,"column":49}},"24":{"start":{"line":42,"column":6},"end":{"line":42,"column":53}},"25":{"start":{"line":43,"column":6},"end":{"line":43,"column":78}},"26":{"start":{"line":44,"column":19},"end":{"line":44,"column":40}},"27":{"start":{"line":45,"column":6},"end":{"line":45,"column":29}},"28":{"start":{"line":47,"column":6},"end":{"line":47,"column":27}},"29":{"start":{"line":48,"column":6},"end":{"line":48,"column":14}},"30":{"start":{"line":57,"column":4},"end":{"line":57,"column":34}},"31":{"start":{"line":59,"column":23},"end":{"line":59,"column":62}},"32":{"start":{"line":60,"column":4},"end":{"line":62,"column":null}},"33":{"start":{"line":61,"column":6},"end":{"line":61,"column":45}},"34":{"start":{"line":66,"column":4},"end":{"line":66,"column":43}},"35":{"start":{"line":67,"column":26},"end":{"line":67,"column":76}},"36":{"start":{"line":68,"column":4},"end":{"line":82,"column":null}},"37":{"start":{"line":69,"column":6},"end":{"line":69,"column":46}},"38":{"start":{"line":70,"column":6},"end":{"line":70,"column":42}},"39":{"start":{"line":71,"column":20},"end":{"line":71,"column":50}},"40":{"start":{"line":73,"column":19},"end":{"line":73,"column":40}},"41":{"start":{"line":74,"column":6},"end":{"line":74,"column":47}},"42":{"start":{"line":75,"column":6},"end":{"line":75,"column":43}},"43":{"start":{"line":79,"column":6},"end":{"line":79,"column":29}},"44":{"start":{"line":81,"column":6},"end":{"line":81,"column":42}},"45":{"start":{"line":86,"column":18},"end":{"line":86,"column":28}},"46":{"start":{"line":87,"column":16},"end":{"line":87,"column":31}},"47":{"start":{"line":88,"column":22},"end":{"line":88,"column":30}},"48":{"start":{"line":89,"column":4},"end":{"line":89,"column":38}},"49":{"start":{"line":90,"column":4},"end":{"line":90,"column":58}},"50":{"start":{"line":91,"column":4},"end":{"line":100,"column":6}},"51":{"start":{"line":12,"column":21},"end":{"line":102,"column":null}},"52":{"start":{"line":12,"column":21},"end":{"line":12,"column":null}}},"fnMap":{"0":{"name":"(anonymous_5)","decl":{"start":{"line":13,"column":2},"end":{"line":13,"column":null}},"loc":{"start":{"line":17,"column":72},"end":{"line":18,"column":6}}},"1":{"name":"(anonymous_6)","decl":{"start":{"line":24,"column":9},"end":{"line":24,"column":14}},"loc":{"start":{"line":24,"column":43},"end":{"line":50,"column":3}}},"2":{"name":"(anonymous_7)","decl":{"start":{"line":56,"column":9},"end":{"line":56,"column":14}},"loc":{"start":{"line":56,"column":53},"end":{"line":83,"column":3}}},"3":{"name":"(anonymous_8)","decl":{"start":{"line":85,"column":10},"end":{"line":85,"column":23}},"loc":{"start":{"line":85,"column":28},"end":{"line":101,"column":3}}}},"branchMap":{"0":{"loc":{"start":{"line":38,"column":6},"end":{"line":40,"column":null}},"type":"if","locations":[{"start":{"line":38,"column":6},"end":{"line":40,"column":null}},{"start":{"line":38,"column":6},"end":{"line":40,"column":null}}]},"1":{"loc":{"start":{"line":60,"column":4},"end":{"line":62,"column":null}},"type":"if","locations":[{"start":{"line":60,"column":4},"end":{"line":62,"column":null}},{"start":{"line":60,"column":4},"end":{"line":62,"column":null}}]},"2":{"loc":{"start":{"line":68,"column":4},"end":{"line":82,"column":null}},"type":"if","locations":[{"start":{"line":68,"column":4},"end":{"line":82,"column":null}},{"start":{"line":68,"column":4},"end":{"line":82,"column":null}}]}},"s":{"0":1,"1":1,"2":1,"3":1,"4":1,"5":1,"6":1,"7":1,"8":1,"9":0,"10":0,"11":0,"12":0,"13":0,"14":0,"15":0,"16":0,"17":0,"18":0,"19":0,"20":0,"21":0,"22":0,"23":0,"24":0,"25":0,"26":0,"27":0,"28":0,"29":0,"30":0,"31":0,"32":0,"33":0,"34":0,"35":0,"36":0,"37":0,"38":0,"39":0,"40":0,"41":0,"42":0,"43":0,"44":0,"45":0,"46":0,"47":0,"48":0,"49":0,"50":0,"51":1,"52":1},"f":{"0":0,"1":0,"2":0,"3":0},"b":{"0":[0,0],"1":[0,0],"2":[0,0]}}
,"/home/vectormike/Desktop/code/uyomarket/src/services/emails/mailer.ts": {"path":"/home/vectormike/Desktop/code/uyomarket/src/services/emails/mailer.ts","statementMap":{"0":{"start":{"line":1,"column":0},"end":{"line":1,"column":41}},"1":{"start":{"line":3,"column":0},"end":{"line":3,"column":36}},"2":{"start":{"line":6,"column":0},"end":{"line":92,"column":null}},"3":{"start":{"line":7,"column":45},"end":{"line":7,"column":59}},"4":{"start":{"line":7,"column":84},"end":{"line":7,"column":93}},"5":{"start":{"line":16,"column":4},"end":{"line":22,"column":7}},"6":{"start":{"line":17,"column":6},"end":{"line":21,"column":null}},"7":{"start":{"line":18,"column":8},"end":{"line":18,"column":49}},"8":{"start":{"line":20,"column":8},"end":{"line":20,"column":57}},"9":{"start":{"line":23,"column":18},"end":{"line":31,"column":6}},"10":{"start":{"line":33,"column":4},"end":{"line":44,"column":82}},"11":{"start":{"line":44,"column":20},"end":{"line":44,"column":80}},"12":{"start":{"line":49,"column":4},"end":{"line":55,"column":7}},"13":{"start":{"line":50,"column":6},"end":{"line":54,"column":null}},"14":{"start":{"line":51,"column":8},"end":{"line":51,"column":49}},"15":{"start":{"line":53,"column":8},"end":{"line":53,"column":57}},"16":{"start":{"line":56,"column":18},"end":{"line":64,"column":6}},"17":{"start":{"line":66,"column":4},"end":{"line":77,"column":74}},"18":{"start":{"line":77,"column":20},"end":{"line":77,"column":72}},"19":{"start":{"line":80,"column":4},"end":{"line":82,"column":null}},"20":{"start":{"line":81,"column":6},"end":{"line":81,"column":43}},"21":{"start":{"line":90,"column":4},"end":{"line":90,"column":42}},"22":{"start":{"line":6,"column":21},"end":{"line":92,"column":null}},"23":{"start":{"line":6,"column":21},"end":{"line":6,"column":null}}},"fnMap":{"0":{"name":"(anonymous_5)","decl":{"start":{"line":7,"column":2},"end":{"line":7,"column":15}},"loc":{"start":{"line":7,"column":90},"end":{"line":7,"column":94}}},"1":{"name":"(anonymous_6)","decl":{"start":{"line":9,"column":9},"end":{"line":9,"column":14}},"loc":{"start":{"line":9,"column":36},"end":{"line":45,"column":3}}},"2":{"name":"(anonymous_7)","decl":{"start":{"line":16,"column":28},"end":{"line":16,"column":33}},"loc":{"start":{"line":16,"column":36},"end":{"line":22,"column":5}}},"3":{"name":"(anonymous_8)","decl":{"start":{"line":44,"column":13},"end":{"line":44,"column":16}},"loc":{"start":{"line":44,"column":20},"end":{"line":44,"column":80}}},"4":{"name":"(anonymous_9)","decl":{"start":{"line":47,"column":9},"end":{"line":47,"column":14}},"loc":{"start":{"line":47,"column":34},"end":{"line":78,"column":3}}},"5":{"name":"(anonymous_10)","decl":{"start":{"line":49,"column":28},"end":{"line":49,"column":33}},"loc":{"start":{"line":49,"column":36},"end":{"line":55,"column":5}}},"6":{"name":"(anonymous_11)","decl":{"start":{"line":77,"column":13},"end":{"line":77,"column":16}},"loc":{"start":{"line":77,"column":20},"end":{"line":77,"column":72}}},"7":{"name":"(anonymous_12)","decl":{"start":{"line":79,"column":9},"end":{"line":79,"column":27}},"loc":{"start":{"line":79,"column":66},"end":{"line":91,"column":3}}}},"branchMap":{"0":{"loc":{"start":{"line":17,"column":6},"end":{"line":21,"column":null}},"type":"if","locations":[{"start":{"line":17,"column":6},"end":{"line":21,"column":null}},{"start":{"line":17,"column":6},"end":{"line":21,"column":null}}]},"1":{"loc":{"start":{"line":50,"column":6},"end":{"line":54,"column":null}},"type":"if","locations":[{"start":{"line":50,"column":6},"end":{"line":54,"column":null}},{"start":{"line":50,"column":6},"end":{"line":54,"column":null}}]},"2":{"loc":{"start":{"line":80,"column":4},"end":{"line":82,"column":null}},"type":"if","locations":[{"start":{"line":80,"column":4},"end":{"line":82,"column":null}},{"start":{"line":80,"column":4},"end":{"line":82,"column":null}}]}},"s":{"0":1,"1":1,"2":1,"3":0,"4":0,"5":0,"6":0,"7":0,"8":0,"9":0,"10":0,"11":0,"12":0,"13":0,"14":0,"15":0,"16":0,"17":0,"18":0,"19":0,"20":0,"21":0,"22":1,"23":1},"f":{"0":0,"1":0,"2":0,"3":0,"4":0,"5":0,"6":0,"7":0},"b":{"0":[0,0],"1":[0,0],"2":[0,0]}}
,"/home/vectormike/Desktop/code/uyomarket/src/subscribers/events.ts": {"path":"/home/vectormike/Desktop/code/uyomarket/src/subscribers/events.ts","statementMap":{"0":{"start":{"line":1,"column":0},"end":{"line":6,"column":2}}},"fnMap":{},"branchMap":{},"s":{"0":1},"f":{},"b":{}}
,"/home/vectormike/Desktop/code/uyomarket/src/subscribers/user.ts": {"path":"/home/vectormike/Desktop/code/uyomarket/src/subscribers/user.ts","statementMap":{"0":{"start":{"line":1,"column":0},"end":{"line":1,"column":35}},"1":{"start":{"line":2,"column":0},"end":{"line":2,"column":53}},"2":{"start":{"line":3,"column":0},"end":{"line":3,"column":30}},"3":{"start":{"line":8,"column":0},"end":{"line":54,"column":null}},"4":{"start":{"line":21,"column":19},"end":{"line":21,"column":42}},"5":{"start":{"line":23,"column":4},"end":{"line":32,"column":null}},"6":{"start":{"line":24,"column":24},"end":{"line":24,"column":95}},"7":{"start":{"line":26,"column":6},"end":{"line":26,"column":69}},"8":{"start":{"line":28,"column":6},"end":{"line":28,"column":69}},"9":{"start":{"line":31,"column":6},"end":{"line":31,"column":14}},"10":{"start":{"line":36,"column":19},"end":{"line":36,"column":42}},"11":{"start":{"line":38,"column":4},"end":{"line":52,"column":null}},"12":{"start":{"line":48,"column":6},"end":{"line":48,"column":69}},"13":{"start":{"line":51,"column":6},"end":{"line":51,"column":14}},"14":{"start":{"line":20,"column":2},"end":{"line":33,"column":null}},"15":{"start":{"line":35,"column":2},"end":{"line":53,"column":null}},"16":{"start":{"line":8,"column":21},"end":{"line":54,"column":null}},"17":{"start":{"line":8,"column":21},"end":{"line":8,"column":null}}},"fnMap":{"0":{"name":"(anonymous_3)","decl":{"start":{"line":20,"column":9},"end":{"line":20,"column":21}},"loc":{"start":{"line":20,"column":45},"end":{"line":33,"column":3}}},"1":{"name":"(anonymous_4)","decl":{"start":{"line":35,"column":9},"end":{"line":35,"column":21}},"loc":{"start":{"line":35,"column":58},"end":{"line":53,"column":3}}}},"branchMap":{},"s":{"0":1,"1":1,"2":1,"3":1,"4":0,"5":0,"6":0,"7":0,"8":0,"9":0,"10":0,"11":0,"12":0,"13":0,"14":1,"15":1,"16":1,"17":1},"f":{"0":0,"1":0},"b":{}}
}
