TN:
SF:/home/vectormike/Desktop/code/uyomarket/src/api/index.ts
FN:7,(anonymous_1)
FNF:1
FNH:0
FNDA:0,(anonymous_1)
DA:1,1
DA:2,1
DA:3,1
DA:4,1
DA:7,1
DA:8,0
DA:9,0
DA:10,0
DA:11,0
DA:13,0
LF:10
LH:5
BRF:0
BRH:0
end_of_record
TN:
SF:/home/vectormike/Desktop/code/uyomarket/src/api/controllers/auth.ts
FN:7,(anonymous_1)
FN:20,(anonymous_2)
FNF:2
FNH:0
FNDA:0,(anonymous_1)
FNDA:0,(anonymous_2)
DA:2,1
DA:3,1
DA:6,1
DA:8,0
DA:9,0
DA:10,0
DA:11,0
DA:12,0
DA:13,0
DA:15,0
DA:16,0
DA:21,0
DA:22,0
DA:23,0
DA:24,0
DA:25,0
DA:26,0
DA:27,0
DA:29,0
DA:30,0
DA:35,1
LF:21
LH:4
BRF:0
BRH:0
end_of_record
TN:
SF:/home/vectormike/Desktop/code/uyomarket/src/api/middlewares/attachCurrentUser.ts
FN:11,(anonymous_0)
FNF:1
FNH:0
FNDA:0,(anonymous_0)
DA:1,1
DA:11,1
DA:12,0
DA:13,0
DA:14,0
DA:15,0
DA:16,0
DA:17,0
DA:19,0
DA:20,0
DA:21,0
DA:22,0
DA:23,0
DA:25,0
DA:26,0
DA:30,1
LF:16
LH:3
BRDA:16,0,0,0
BRDA:16,0,1,0
BRF:2
BRH:0
end_of_record
TN:
SF:/home/vectormike/Desktop/code/uyomarket/src/api/middlewares/index.ts
FNF:0
FNH:0
DA:1,1
DA:2,1
DA:4,1
LF:3
LH:3
BRF:0
BRH:0
end_of_record
TN:
SF:/home/vectormike/Desktop/code/uyomarket/src/api/middlewares/isAuth.ts
FN:13,(anonymous_1)
FNF:1
FNH:0
FNDA:0,(anonymous_1)
DA:1,1
DA:2,1
DA:13,1
DA:18,0
DA:22,0
DA:24,0
DA:27,1
DA:33,1
LF:8
LH:5
BRDA:18,0,0,0
BRDA:18,0,1,0
BRDA:19,1,0,0
BRDA:19,1,1,0
BRDA:19,1,2,0
BRDA:19,1,3,0
BRF:6
BRH:0
end_of_record
TN:
SF:/home/vectormike/Desktop/code/uyomarket/src/api/routes/agendash.ts
FN:8,(anonymous_1)
FNF:1
FNH:0
FNDA:0,(anonymous_1)
DA:3,1
DA:4,1
DA:5,1
DA:6,1
DA:8,1
DA:10,0
DA:12,0
LF:7
LH:5
BRF:0
BRH:0
end_of_record
TN:
SF:/home/vectormike/Desktop/code/uyomarket/src/api/routes/auth.ts
FN:8,(anonymous_1)
FNF:1
FNH:0
FNDA:0,(anonymous_1)
DA:1,1
DA:2,1
DA:4,1
DA:6,1
DA:8,1
DA:9,0
DA:10,0
DA:23,0
LF:8
LH:5
BRF:0
BRH:0
end_of_record
TN:
SF:/home/vectormike/Desktop/code/uyomarket/src/api/routes/user.ts
FN:5,(anonymous_1)
FN:8,(anonymous_2)
FNF:2
FNH:0
FNDA:0,(anonymous_1)
FNDA:0,(anonymous_2)
DA:1,1
DA:2,1
DA:3,1
DA:5,1
DA:6,0
DA:8,0
DA:9,0
LF:7
LH:4
BRF:0
BRH:0
end_of_record
TN:
SF:/home/vectormike/Desktop/code/uyomarket/src/config/index.ts
FNF:0
FNH:0
DA:1,1
DA:4,1
DA:6,1
DA:7,1
DA:10,0
DA:13,1
LF:6
LH:5
BRDA:4,0,0,1
BRDA:4,0,1,0
BRDA:7,1,0,0
BRDA:7,1,1,1
BRDA:33,2,0,1
BRDA:33,2,1,0
BRF:6
BRH:3
end_of_record
TN:
SF:/home/vectormike/Desktop/code/uyomarket/src/decorators/eventDispatcher.ts
FN:9,EventDispatcher
FN:10,(anonymous_1)
FN:12,(anonymous_2)
FNF:3
FNH:2
FNDA:1,EventDispatcher
FNDA:1,(anonymous_1)
FNDA:0,(anonymous_2)
DA:6,1
DA:7,1
DA:9,1
DA:10,1
DA:11,1
DA:12,1
DA:16,1
LF:7
LH:7
BRF:0
BRH:0
end_of_record
TN:
SF:/home/vectormike/Desktop/code/uyomarket/src/jobs/emailSequence.ts
FN:5,(anonymous_1)
FNF:1
FNH:0
FNDA:0,(anonymous_1)
DA:1,1
DA:2,1
DA:4,1
DA:6,0
DA:7,0
DA:8,0
DA:9,0
DA:10,0
DA:11,0
DA:12,0
DA:14,0
DA:15,0
LF:12
LH:3
BRF:0
BRH:0
end_of_record
TN:
SF:/home/vectormike/Desktop/code/uyomarket/src/loaders/agenda.ts
FN:4,(anonymous_1)
FNF:1
FNH:1
FNDA:1,(anonymous_1)
DA:1,1
DA:2,1
DA:4,1
DA:5,1
LF:4
LH:4
BRF:0
BRH:0
end_of_record
TN:
SF:/home/vectormike/Desktop/code/uyomarket/src/loaders/dependencyInjector.ts
FN:8,(anonymous_1)
FN:10,(anonymous_2)
FNF:2
FNH:2
FNDA:1,(anonymous_1)
FNDA:1,(anonymous_2)
DA:1,1
DA:2,1
DA:3,1
DA:4,1
DA:6,1
DA:8,1
DA:9,1
DA:10,1
DA:11,1
DA:14,1
DA:16,1
DA:17,1
DA:18,1
DA:31,1
DA:33,1
DA:35,0
DA:36,0
LF:17
LH:15
BRF:0
BRH:0
end_of_record
TN:
SF:/home/vectormike/Desktop/code/uyomarket/src/loaders/events.ts
FNF:0
FNH:0
DA:2,1
LF:1
LH:1
BRF:0
BRH:0
end_of_record
TN:
SF:/home/vectormike/Desktop/code/uyomarket/src/loaders/express.ts
FN:7,(anonymous_1)
FN:12,(anonymous_2)
FN:17,(anonymous_3)
FN:41,(anonymous_4)
FN:48,(anonymous_5)
FN:60,(anonymous_6)
FNF:6
FNH:1
FNDA:1,(anonymous_1)
FNDA:0,(anonymous_2)
FNDA:0,(anonymous_3)
FNDA:0,(anonymous_4)
FNDA:0,(anonymous_5)
FNDA:0,(anonymous_6)
DA:2,1
DA:3,1
DA:4,1
DA:5,1
DA:7,1
DA:12,1
DA:13,0
DA:17,0
DA:18,0
DA:23,0
DA:28,0
DA:33,0
DA:36,0
DA:38,0
DA:41,0
DA:42,0
DA:43,0
DA:44,0
DA:48,0
DA:52,0
DA:53,0
DA:58,0
DA:60,0
DA:61,0
DA:62,0
LF:25
LH:6
BRDA:52,0,0,0
BRDA:52,0,1,0
BRDA:61,1,0,0
BRDA:61,1,1,0
BRF:4
BRH:0
end_of_record
TN:
SF:/home/vectormike/Desktop/code/uyomarket/src/loaders/index.ts
FN:9,(anonymous_1)
FNF:1
FNH:1
FNDA:1,(anonymous_1)
DA:1,1
DA:2,1
DA:3,1
DA:4,1
DA:5,1
DA:7,1
DA:9,1
DA:10,1
DA:11,1
DA:21,1
DA:28,1
DA:36,1
DA:38,1
DA:39,1
DA:41,1
DA:42,0
LF:16
LH:15
BRF:0
BRH:0
end_of_record
TN:
SF:/home/vectormike/Desktop/code/uyomarket/src/loaders/jobs.ts
FN:5,(anonymous_1)
FNF:1
FNH:1
FNDA:1,(anonymous_1)
DA:1,1
DA:2,1
DA:5,1
DA:6,1
DA:13,1
LF:5
LH:5
BRF:0
BRH:0
end_of_record
TN:
SF:/home/vectormike/Desktop/code/uyomarket/src/loaders/logger.ts
FNF:0
FNH:0
DA:1,1
DA:2,1
DA:4,1
DA:5,1
DA:6,1
DA:10,0
DA:20,1
DA:34,1
LF:8
LH:7
BRDA:5,0,0,1
BRDA:5,0,1,0
BRF:2
BRH:1
end_of_record
TN:
SF:/home/vectormike/Desktop/code/uyomarket/src/loaders/mongoose.ts
FN:5,(anonymous_1)
FNF:1
FNH:1
FNDA:1,(anonymous_1)
DA:1,1
DA:3,1
DA:5,1
DA:6,1
DA:12,1
LF:5
LH:5
BRF:0
BRH:0
end_of_record
TN:
SF:/home/vectormike/Desktop/code/uyomarket/src/models/user.ts
FNF:0
FNH:0
DA:2,1
DA:4,1
DA:38,1
LF:3
LH:3
BRF:0
BRH:0
end_of_record
TN:
SF:/home/vectormike/Desktop/code/uyomarket/src/services/auth.ts
FN:13,(anonymous_5)
FN:24,(anonymous_6)
FN:56,(anonymous_7)
FN:85,(anonymous_8)
FNF:4
FNH:0
FNDA:0,(anonymous_5)
FNDA:0,(anonymous_6)
FNDA:0,(anonymous_7)
FNDA:0,(anonymous_8)
DA:1,1
DA:2,1
DA:3,1
DA:4,1
DA:5,1
DA:6,1
DA:8,1
DA:9,1
DA:12,1
DA:14,0
DA:15,0
DA:16,0
DA:17,0
DA:25,0
DA:26,0
DA:27,0
DA:28,0
DA:29,0
DA:30,0
DA:35,0
DA:36,0
DA:38,0
DA:39,0
DA:41,0
DA:42,0
DA:43,0
DA:44,0
DA:45,0
DA:47,0
DA:48,0
DA:57,0
DA:59,0
DA:60,0
DA:61,0
DA:66,0
DA:67,0
DA:68,0
DA:69,0
DA:70,0
DA:71,0
DA:73,0
DA:74,0
DA:75,0
DA:79,0
DA:81,0
DA:86,0
DA:87,0
DA:88,0
DA:89,0
DA:90,0
DA:91,0
LF:51
LH:9
BRDA:38,0,0,0
BRDA:38,0,1,0
BRDA:60,1,0,0
BRDA:60,1,1,0
BRDA:68,2,0,0
BRDA:68,2,1,0
BRF:6
BRH:0
end_of_record
TN:
SF:/home/vectormike/Desktop/code/uyomarket/src/services/emails/mailer.ts
FN:7,(anonymous_5)
FN:9,(anonymous_6)
FN:16,(anonymous_7)
FN:44,(anonymous_8)
FN:47,(anonymous_9)
FN:49,(anonymous_10)
FN:77,(anonymous_11)
FN:79,(anonymous_12)
FNF:8
FNH:0
FNDA:0,(anonymous_5)
FNDA:0,(anonymous_6)
FNDA:0,(anonymous_7)
FNDA:0,(anonymous_8)
FNDA:0,(anonymous_9)
FNDA:0,(anonymous_10)
FNDA:0,(anonymous_11)
FNDA:0,(anonymous_12)
DA:1,1
DA:3,1
DA:6,1
DA:7,0
DA:16,0
DA:17,0
DA:18,0
DA:20,0
DA:23,0
DA:33,0
DA:44,0
DA:49,0
DA:50,0
DA:51,0
DA:53,0
DA:56,0
DA:66,0
DA:77,0
DA:80,0
DA:81,0
DA:90,0
LF:21
LH:3
BRDA:17,0,0,0
BRDA:17,0,1,0
BRDA:50,1,0,0
BRDA:50,1,1,0
BRDA:80,2,0,0
BRDA:80,2,1,0
BRF:6
BRH:0
end_of_record
TN:
SF:/home/vectormike/Desktop/code/uyomarket/src/subscribers/events.ts
FNF:0
FNH:0
DA:1,1
LF:1
LH:1
BRF:0
BRH:0
end_of_record
TN:
SF:/home/vectormike/Desktop/code/uyomarket/src/subscribers/user.ts
FN:20,(anonymous_3)
FN:35,(anonymous_4)
FNF:2
FNH:0
FNDA:0,(anonymous_3)
FNDA:0,(anonymous_4)
DA:1,1
DA:2,1
DA:3,1
DA:8,1
DA:20,1
DA:21,0
DA:23,0
DA:24,0
DA:26,0
DA:28,0
DA:31,0
DA:35,1
DA:36,0
DA:38,0
DA:48,0
DA:51,0
LF:16
LH:6
BRF:0
BRH:0
end_of_record
